<?xml version="1.0" encoding="UTF-8"?>
<testsuite xmlns:xsi="http://www.w3.org/2001/XMLSchema-instance" xsi:noNamespaceSchemaLocation="https://maven.apache.org/surefire/maven-surefire-plugin/xsd/surefire-test-report-3.0.xsd" version="3.0" name="com.cts.Helloworld.HelloworldApplicationTests" time="8.164" tests="1" errors="0" skipped="0" failures="0">
  <properties>
[...]
</properties>
  <testcase name="contextLoads" classname="com.cts.Helloworld.HelloworldApplicationTests" time="2.171">
    <system-out><![CDATA[13:15:28.682 [main] INFO org.springframework.test.context.support.AnnotationConfigContextLoaderUtils -- Could not detect default configuration classes for test class [com.cts.Helloworld.HelloworldApplicationTests]: HelloworldApplicationTests does not declare any static, non-private, non-final, nested classes annotated with @Configuration.
13:15:28.955 [main] INFO org.springframework.boot.test.context.SpringBootTestContextBootstrapper -- Found @SpringBootConfiguration com.cts.Helloworld.HelloworldApplication for test class com.cts.Helloworld.HelloworldApplicationTests

  .   ____          _            __ _ _
 /\\ / ___'_ __ _ _(_)_ __  __ _ \ \ \ \
( ( )\___ | '_ | '_| | '_ \/ _` | \ \ \ \
 \\/  ___)| |_)| | | | | || (_| |  ) ) ) )
  '  |____| .__|_| |_|_| |_\__, | / / / /
 =========|_|==============|___/=/_/_/_/
 :: Spring Boot ::                (v3.1.0)

2023-06-14T13:15:29.780+05:30  INFO 2708 --- [           main] c.c.H.HelloworldApplicationTests         : Starting HelloworldApplicationTests using Java 17.0.6 with PID 2708 (started by jayes in G:\Accredition\Helloworld)
2023-06-14T13:15:29.782+05:30  INFO 2708 --- [           main] c.c.H.HelloworldApplicationTests         : No active profile set, falling back to 1 default profile: "default"
2023-06-14T13:15:34.047+05:30  INFO 2708 --- [           main] o.s.b.a.e.web.EndpointLinksResolver      : Exposing 13 endpoint(s) beneath base path '/actuator'
2023-06-14T13:15:34.178+05:30  INFO 2708 --- [           main] c.c.H.HelloworldApplicationTests         : Started HelloworldApplicationTests in 4.907 seconds (process running for 6.925)
]]></system-out>
  </testcase>
</testsuite>